
R version 4.1.2 (2021-11-01) -- "Bird Hippie"
Copyright (C) 2021 The R Foundation for Statistical Computing
Platform: x86_64-pc-linux-gnu (64-bit)

R is free software and comes with ABSOLUTELY NO WARRANTY.
You are welcome to redistribute it under certain conditions.
Type 'license()' or 'licence()' for distribution details.

  Natural language support but running in an English locale

R is a collaborative project with many contributors.
Type 'contributors()' for more information and
'citation()' on how to cite R or R packages in publications.

Type 'demo()' for some demos, 'help()' for on-line help, or
'help.start()' for an HTML browser interface to help.
Type 'q()' to quit R.

> library(pairedfda)

Attaching package: ‘pairedfda’

The following object is masked from ‘package:stats’:

    df

> library(R.matlab)
R.matlab v3.6.2 (2018-09-26) successfully loaded. See ?R.matlab for help.

Attaching package: ‘R.matlab’

The following objects are masked from ‘package:base’:

    getOption, isOpen

> for(i in 1:100)
+ {
+   set.seed(i+7)
+   data = gen_data(n=100,varre=0.01,gama=2,type="t",ka=2,kb=2)
+   writeMat(paste0("data_t2/data",i,".mat"),data=data$dataset)
+ }
> 
> proc.time()
   user  system elapsed 
  8.972   1.385  13.570 
