* using log directory ‘/Volumes/huiya/Documents/pairedfda/code/pairedfda.Rcheck’
* using R version 4.0.5 (2021-03-31)
* using platform: x86_64-apple-darwin17.0 (64-bit)
* using session charset: UTF-8
* using options ‘--no-manual --as-cran’
* checking for file ‘pairedfda/DESCRIPTION’ ... OK
* checking extension type ... Package
* this is package ‘pairedfda’ version ‘3.1’
* checking package namespace information ... OK
* checking package dependencies ... OK
* checking if this is a source package ... OK
* checking if there is a namespace ... OK
* checking for executable files ... OK
* checking for hidden files and directories ... OK
* checking for portable file names ... OK
* checking for sufficient/correct file permissions ... OK
* checking serialization versions ... OK
* checking whether package ‘pairedfda’ can be installed ... WARNING
Found the following significant warnings:
  Note: break used in wrong context: no loop is visible 
See ‘/Volumes/huiya/Documents/pairedfda/code/pairedfda.Rcheck/00install.out’ for details.
Information on the location(s) of code generating the ‘Note’s can be
obtained by re-running with environment variable R_KEEP_PKG_SOURCE set
to ‘yes’.
* checking installed package size ... NOTE
  installed size is 21.1Mb
  sub-directories of 1Mb or more:
    Meta   6.0Mb
    R      3.0Mb
    help   5.0Mb
    html   2.0Mb
    libs   2.0Mb
* checking package directory ... OK
* checking for future file timestamps ... OK
* checking DESCRIPTION meta-information ... OK
* checking top-level files ... OK
* checking for left-over files ... OK
* checking index information ... OK
* checking package subdirectories ... OK
* checking R files for non-ASCII characters ... OK
* checking R files for syntax errors ... OK
* checking whether the package can be loaded ... OK
* checking whether the package can be loaded with stated dependencies ... OK
* checking whether the package can be unloaded cleanly ... OK
* checking whether the namespace can be loaded with stated dependencies ... OK
* checking whether the namespace can be unloaded cleanly ... OK
* checking dependencies in R code ... OK
* checking S3 generic/method consistency ... OK
* checking replacement functions ... OK
* checking foreign function calls ... OK
* checking R code for possible problems ... NOTE
plt.data: no visible global function definition for ‘heat.colors’
Undefined global functions or variables:
  heat.colors
Consider adding
  importFrom("grDevices", "heat.colors")
to your NAMESPACE file.
* checking Rd files ... OK
* checking Rd metadata ... OK
* checking Rd line widths ... OK
* checking Rd cross-references ... OK
* checking for missing documentation entries ... WARNING
Undocumented code objects:
  ‘TSE’ ‘df’ ‘divide_group’ ‘f’ ‘f_y1’ ‘f_y2’ ‘f_z1’ ‘f_z2’ ‘mu_t’
  ‘newton_md’ ‘nu_t’ ‘slash_u’
All user-level objects in a package should have documentation entries.
See chapter ‘Writing R documentation files’ in the ‘Writing R
Extensions’ manual.
* checking for code/documentation mismatches ... OK
* checking Rd \usage sections ... OK
* checking Rd contents ... OK
* checking for unstated dependencies in examples ... OK
* checking line endings in C/C++/Fortran sources/headers ... OK
* checking pragmas in C/C++ headers and code ... OK
* checking compilation flags used ... OK
* checking compiled code ... NOTE
File ‘pairedfda/libs/pairedfda.so’:
  Found ‘__ZNSt3__14coutE’, possibly from ‘std::cout’ (C++)
    Object: ‘EMouter.o’

Compiled code should not call entry points which might terminate R nor
write to stdout/stderr instead of to the console, nor use Fortran I/O
nor system RNGs.

See ‘Writing portable packages’ in the ‘Writing R Extensions’ manual.
* checking examples ... ERROR
Running examples in ‘pairedfda-Ex.R’ failed
The error most likely occurred in:

> base::assign(".ptime", proc.time(), pos = "CheckExEnv")
> ### Name: predata
> ### Title: Preprocessing data
> ### Aliases: predata
> 
> ### ** Examples
> 
> n = 5
> nobs = 1+rbinom(n,5,0.9)
> time=c()
> for(i in 1:n)
+ {
+   time=c(time,0,runif(nobs[i]-1))
+ }
> sumobs = sum(nobs)
> y = rnorm(sumobs,0,1.5)
> z = rnorm(sumobs,1,1)
> data = predata(nobs,time,y,z,knots = 8,order=3)
Error in predata(nobs, time, y, z, knots = 8, order = 3) : 
  argument "y" is missing, with no default
Execution halted
* checking for non-standard things in the check directory ... NOTE
Found the following files/directories:
  ‘._00install.out’
* checking for detritus in the temp directory ... OK
* DONE
Status: 1 ERROR, 2 WARNINGs, 4 NOTEs
