* installing *source* package ‘pairedfda’ ...
** using staged installation
** libs
clang++ -mmacosx-version-min=10.13 -std=gnu++11 -I"/Library/Frameworks/R.framework/Resources/include" -DNDEBUG  -I'/Library/Frameworks/R.framework/Versions/4.0/Resources/library/Rcpp/include' -I'/Library/Frameworks/R.framework/Versions/4.0/Resources/library/RcppArmadillo/include' -I/usr/local/include   -fPIC  -Wall -g -O2  -c EMouter.cpp -o EMouter.o
clang++ -mmacosx-version-min=10.13 -std=gnu++11 -I"/Library/Frameworks/R.framework/Resources/include" -DNDEBUG  -I'/Library/Frameworks/R.framework/Versions/4.0/Resources/library/Rcpp/include' -I'/Library/Frameworks/R.framework/Versions/4.0/Resources/library/RcppArmadillo/include' -I/usr/local/include   -fPIC  -Wall -g -O2  -c RcppExports.cpp -o RcppExports.o
clang++ -mmacosx-version-min=10.13 -std=gnu++11 -I"/Library/Frameworks/R.framework/Resources/include" -DNDEBUG  -I'/Library/Frameworks/R.framework/Versions/4.0/Resources/library/Rcpp/include' -I'/Library/Frameworks/R.framework/Versions/4.0/Resources/library/RcppArmadillo/include' -I/usr/local/include   -fPIC  -Wall -g -O2  -c dataGen.cpp -o dataGen.o
clang++ -mmacosx-version-min=10.13 -std=gnu++11 -dynamiclib -Wl,-headerpad_max_install_names -undefined dynamic_lookup -single_module -multiply_defined suppress -L/Library/Frameworks/R.framework/Resources/lib -L/usr/local/lib -o pairedfda.so EMouter.o RcppExports.o dataGen.o -F/Library/Frameworks/R.framework/.. -framework R -Wl,-framework -Wl,CoreFoundation
installing to /Volumes/huiya/Documents/pairedfda/code/pairedfda.Rcheck/00LOCK-pairedfda/00new/pairedfda/libs
** R
** byte-compile and prepare package for lazy loading
Note: break used in wrong context: no loop is visible 
Note: break used in wrong context: no loop is visible 
Note: break used in wrong context: no loop is visible 
** help
*** installing help indices
** building package indices
** testing if installed package can be loaded from temporary location
** checking absolute paths in shared objects and dynamic libraries
** testing if installed package can be loaded from final location
** testing if installed package keeps a record of temporary installation path
* DONE (pairedfda)
